Determining if the pthread_create exist failed with the following output:
Change Dir: /home/dh/workspaces/dxslam_ws/src/dxslam_ros/dxslam/build/CMakeFiles/CMakeTmp

Run Build Command:"/usr/bin/make" "cmTC_d9469/fast"
/usr/bin/make -f CMakeFiles/cmTC_d9469.dir/build.make CMakeFiles/cmTC_d9469.dir/build
make[1]: Entering directory '/home/dh/workspaces/dxslam_ws/src/dxslam_ros/dxslam/build/CMakeFiles/CMakeTmp'
Building C object CMakeFiles/cmTC_d9469.dir/CheckSymbolExists.c.o
/usr/bin/cc   -Wall  -O3 -march=native     -o CMakeFiles/cmTC_d9469.dir/CheckSymbolExists.c.o   -c /home/dh/workspaces/dxslam_ws/src/dxslam_ros/dxslam/build/CMakeFiles/CMakeTmp/CheckSymbolExists.c
Linking C executable cmTC_d9469
/usr/bin/cmake -E cmake_link_script CMakeFiles/cmTC_d9469.dir/link.txt --verbose=1
/usr/bin/cc   -Wall  -O3 -march=native      -rdynamic CMakeFiles/cmTC_d9469.dir/CheckSymbolExists.c.o  -o cmTC_d9469 
CMakeFiles/cmTC_d9469.dir/CheckSymbolExists.c.o: In function `main':
CheckSymbolExists.c:(.text.startup+0x3): undefined reference to `pthread_create'
collect2: error: ld returned 1 exit status
CMakeFiles/cmTC_d9469.dir/build.make:97: recipe for target 'cmTC_d9469' failed
make[1]: *** [cmTC_d9469] Error 1
make[1]: Leaving directory '/home/dh/workspaces/dxslam_ws/src/dxslam_ros/dxslam/build/CMakeFiles/CMakeTmp'
Makefile:126: recipe for target 'cmTC_d9469/fast' failed
make: *** [cmTC_d9469/fast] Error 2

File /home/dh/workspaces/dxslam_ws/src/dxslam_ros/dxslam/build/CMakeFiles/CMakeTmp/CheckSymbolExists.c:
/* */
#include <pthread.h>

int main(int argc, char** argv)
{
  (void)argv;
#ifndef pthread_create
  return ((int*)(&pthread_create))[argc];
#else
  (void)argc;
  return 0;
#endif
}

Determining if the function pthread_create exists in the pthreads failed with the following output:
Change Dir: /home/dh/workspaces/dxslam_ws/src/dxslam_ros/dxslam/build/CMakeFiles/CMakeTmp

Run Build Command:"/usr/bin/make" "cmTC_2916a/fast"
/usr/bin/make -f CMakeFiles/cmTC_2916a.dir/build.make CMakeFiles/cmTC_2916a.dir/build
make[1]: Entering directory '/home/dh/workspaces/dxslam_ws/src/dxslam_ros/dxslam/build/CMakeFiles/CMakeTmp'
Building C object CMakeFiles/cmTC_2916a.dir/CheckFunctionExists.c.o
/usr/bin/cc   -Wall  -O3 -march=native  -DCHECK_FUNCTION_EXISTS=pthread_create   -o CMakeFiles/cmTC_2916a.dir/CheckFunctionExists.c.o   -c /usr/share/cmake-3.10/Modules/CheckFunctionExists.c
Linking C executable cmTC_2916a
/usr/bin/cmake -E cmake_link_script CMakeFiles/cmTC_2916a.dir/link.txt --verbose=1
/usr/bin/cc   -Wall  -O3 -march=native  -DCHECK_FUNCTION_EXISTS=pthread_create    -rdynamic CMakeFiles/cmTC_2916a.dir/CheckFunctionExists.c.o  -o cmTC_2916a -lpthreads 
/usr/bin/ld: cannot find -lpthreads
collect2: error: ld returned 1 exit status
CMakeFiles/cmTC_2916a.dir/build.make:97: recipe for target 'cmTC_2916a' failed
make[1]: *** [cmTC_2916a] Error 1
make[1]: Leaving directory '/home/dh/workspaces/dxslam_ws/src/dxslam_ros/dxslam/build/CMakeFiles/CMakeTmp'
Makefile:126: recipe for target 'cmTC_2916a/fast' failed
make: *** [cmTC_2916a/fast] Error 2


